<?xml version="1.0" encoding="UTF-8"?>
<coverage generated="1690886000683" clover="3.2.0">
  <project timestamp="1690886000683" name="All files">
    <metrics statements="10" coveredstatements="7" conditionals="0" coveredconditionals="0" methods="5" coveredmethods="3" elements="15" coveredelements="10" complexity="0" loc="10" ncloc="10" packages="1" files="4" classes="4"/>
    <file name="divide.js" path="/home/Anton.Samarin/Desktop/issues/2023.2/Code coverage/project/divide.js">
      <metrics statements="2" coveredstatements="1" conditionals="0" coveredconditionals="0" methods="1" coveredmethods="0"/>
      <line num="2" count="0" type="stmt"/>
      <line num="5" count="1" type="stmt"/>
    </file>
    <file name="jest.config.js" path="/home/Anton.Samarin/Desktop/issues/2023.2/Code coverage/project/jest.config.js">
      <metrics statements="1" coveredstatements="0" conditionals="0" coveredconditionals="0" methods="0" coveredmethods="0"/>
      <line num="1" count="0" type="stmt"/>
    </file>
    <file name="subtract.js" path="/home/Anton.Samarin/Desktop/issues/2023.2/Code coverage/project/subtract.js">
      <metrics statements="2" coveredstatements="2" conditionals="0" coveredconditionals="0" methods="1" coveredmethods="1"/>
      <line num="2" count="1" type="stmt"/>
      <line num="4" count="1" type="stmt"/>
    </file>
    <file name="sum.js" path="/home/Anton.Samarin/Desktop/issues/2023.2/Code coverage/project/sum.js">
      <metrics statements="5" coveredstatements="4" conditionals="0" coveredconditionals="0" methods="3" coveredmethods="2"/>
      <line num="2" count="1" type="stmt"/>
      <line num="5" count="1" type="stmt"/>
      <line num="8" count="0" type="stmt"/>
      <line num="12" count="1" type="stmt"/>
      <line num="15" count="1" type="stmt"/>
    </file>
  </project>
</coverage>
